<?xml version="1.0" encoding="UTF-8"?>
<!-- Generated by org.testng.reporters.JUnitReportReporter -->
<testsuite skipped="0" hostname="DESKTOP-TSE6K3A" name="jsscript.JavaScript1" tests="1" failures="0" timestamp="2022-10-27T19:40:53 IST" time="11.360" errors="0">
  <testcase name="testCase1" time="11.360" classname="jsscript.JavaScript1"/>
  <system-out/>
</testsuite> <!-- jsscript.JavaScript1 -->
