<?xml version="1.0" encoding="UTF-8"?>
<!-- Generated by org.testng.reporters.JUnitReportReporter -->
<testsuite skipped="2" hostname="DESKTOP-TSE6K3A" name="suit.Actitime_Enabled" tests="4" failures="0" timestamp="2022-10-24T01:20:00 IST" time="0.006" errors="0">
  <testcase name="openBrowserAndAppURL" time="0.003" classname="suit.Actitime_Enabled"/>
  <system-out/>
  <testcase name="createTask" time="0.003" classname="suit.Actitime_Enabled"/>
  <system-out/>
  <testcase name="login" classname="suit.Actitime_Enabled">
    <skipped/>
  </testcase> <!-- login -->
  <system-out/>
  <testcase name="logoutClose" classname="suit.Actitime_Enabled">
    <skipped/>
  </testcase> <!-- logoutClose -->
  <system-out/>
</testsuite> <!-- suit.Actitime_Enabled -->
