<?xml version="1.0" encoding="UTF-8"?>
<!-- Generated by org.testng.reporters.JUnitReportReporter -->
<testsuite skipped="0" hostname="DESKTOP-TSE6K3A" name="excelreading.Data3" tests="1" failures="0" timestamp="2022-10-22T13:20:28 IST" time="0.795" errors="0">
  <testcase name="ReadandUse" time="0.795" classname="excelreading.Data3"/>
  <system-out/>
</testsuite> <!-- excelreading.Data3 -->
