<?xml version="1.0" encoding="UTF-8"?>
<!-- Generated by org.testng.reporters.JUnitReportReporter -->
<testsuite skipped="0" hostname="DESKTOP-TSE6K3A" name="jsscript.JavaScript3" tests="1" failures="0" timestamp="2022-10-27T19:48:40 IST" time="49.207" errors="0">
  <testcase name="testCase1" time="49.207" classname="jsscript.JavaScript3"/>
  <system-out/>
</testsuite> <!-- jsscript.JavaScript3 -->
