<?xml version="1.0" encoding="UTF-8"?>
<!-- Generated by org.testng.reporters.JUnitReportReporter -->
<testsuite skipped="0" hostname="DESKTOP-TSE6K3A" name="excelreading.Data1a" tests="1" failures="0" timestamp="2022-11-01T07:49:24 IST" time="1.082" errors="0">
  <testcase name="readsheetfile" time="1.082" classname="excelreading.Data1a"/>
  <system-out/>
</testsuite> <!-- excelreading.Data1a -->
