<?xml version="1.0" encoding="UTF-8"?>
<!-- Generated by org.testng.reporters.JUnitReportReporter -->
<testsuite skipped="0" hostname="DESKTOP-TSE6K3A" name="excelreading.Data1" tests="1" failures="0" timestamp="2022-10-31T20:16:37 IST" time="1.638" errors="0">
  <testcase name="Excel_Data" time="1.638" classname="excelreading.Data1"/>
  <system-out/>
</testsuite> <!-- excelreading.Data1 -->
