<?xml version="1.0" encoding="UTF-8"?>
<!-- Generated by org.testng.reporters.JUnitReportReporter -->
<testsuite skipped="0" hostname="DESKTOP-TSE6K3A" name="excelreading.Date2" tests="2" failures="0" timestamp="2022-10-22T14:40:28 IST" time="0.957" errors="0">
  <testcase name="Excelupdate1" time="0.105" classname="excelreading.Date2"/>
  <system-out/>
  <testcase name="Excelupdate" time="0.852" classname="excelreading.Date2"/>
  <system-out/>
</testsuite> <!-- excelreading.Date2 -->
