<?xml version="1.0" encoding="UTF-8"?>
<!-- Generated by org.testng.reporters.JUnitReportReporter -->
<testsuite skipped="0" hostname="DESKTOP-TSE6K3A" name="excelreading.Data1awithSeliniumUtility" tests="1" failures="0" timestamp="2022-10-26T14:57:58 IST" time="11.468" errors="0">
  <testcase name="ReadandUse" time="11.468" classname="excelreading.Data1awithSeliniumUtility"/>
  <system-out/>
</testsuite> <!-- excelreading.Data1awithSeliniumUtility -->
