<?xml version="1.0" encoding="UTF-8"?>
<!-- Generated by org.testng.reporters.JUnitReportReporter -->
<testsuite skipped="0" hostname="DESKTOP-TSE6K3A" name="browser.ExcelData" tests="1" failures="0" timestamp="2022-10-21T21:27:52 IST" time="1.210" errors="0">
  <testcase name="f" time="1.210" classname="browser.ExcelData"/>
  <system-out/>
</testsuite> <!-- browser.ExcelData -->
