<?xml version="1.0" encoding="UTF-8"?>
<!-- Generated by org.testng.reporters.JUnitReportReporter -->
<testsuite skipped="0" hostname="DESKTOP-TSE6K3A" name="excelreading.Data1Test" tests="1" failures="0" timestamp="2022-10-22T01:03:34 IST" time="0.011" errors="0">
  <testcase name="f" time="0.011" classname="excelreading.Data1Test"/>
  <system-out/>
</testsuite> <!-- excelreading.Data1Test -->
