<?xml version="1.0" encoding="UTF-8"?>
<!-- Generated by org.testng.reporters.JUnitReportReporter -->
<testsuite skipped="0" hostname="DESKTOP-TSE6K3A" name="basictestngsuit.dataprovide" tests="3" failures="0" timestamp="2022-10-25T17:43:51 IST" time="20.520" errors="0">
  <testcase name="testLoginOfVtiger" time="4.683" classname="basictestngsuit.dataprovide"/>
  <system-out/>
  <testcase name="testLoginOfVtiger" time="9.331" classname="basictestngsuit.dataprovide"/>
  <system-out/>
  <testcase name="testLoginOfVtiger" time="6.506" classname="basictestngsuit.dataprovide"/>
  <system-out/>
</testsuite> <!-- basictestngsuit.dataprovide -->
