<?xml version="1.0" encoding="UTF-8"?>
<!-- Generated by org.testng.reporters.JUnitReportReporter -->
<testsuite skipped="0" hostname="DESKTOP-TSE6K3A" name="suit.GroupExamples" tests="5" failures="0" timestamp="2022-10-24T22:27:18 IST" time="0.029" errors="0">
  <testcase name="testCaseTwo" time="0.003" classname="suit.GroupExamples"/>
  <system-out/>
  <testcase name="testCaseFive" time="0.015" classname="suit.GroupExamples"/>
  <system-out/>
  <testcase name="testCaseOne" time="0.004" classname="suit.GroupExamples"/>
  <system-out/>
  <testcase name="testCaseThree" time="0.002" classname="suit.GroupExamples"/>
  <system-out/>
  <testcase name="testCaseFour" time="0.005" classname="suit.GroupExamples"/>
  <system-out/>
</testsuite> <!-- suit.GroupExamples -->
