<?xml version="1.0" encoding="UTF-8"?>
<!-- Generated by org.testng.reporters.JUnitReportReporter -->
<testsuite skipped="0" hostname="DESKTOP-TSE6K3A" name="basictestngsuit.GroupExamples" tests="3" failures="0" timestamp="2022-10-24T22:59:53 IST" time="0.023" errors="0">
  <testcase name="testCaseFour" time="0.016" classname="basictestngsuit.GroupExamples"/>
  <system-out/>
  <testcase name="testCaseOne" time="0.003" classname="basictestngsuit.GroupExamples"/>
  <system-out/>
  <testcase name="testCaseTwo" time="0.004" classname="basictestngsuit.GroupExamples"/>
  <system-out/>
</testsuite> <!-- basictestngsuit.GroupExamples -->
