<?xml version="1.0" encoding="UTF-8"?>
<!-- Generated by org.testng.reporters.JUnitReportReporter -->
<testsuite skipped="2" hostname="DESKTOP-TSE6K3A" name="basictestngsuit.Actitime_Enabled" tests="4" failures="0" timestamp="2022-10-24T22:35:10 IST" time="0.009" errors="0">
  <testcase name="openBrowserAndAppURL" time="0.004" classname="basictestngsuit.Actitime_Enabled"/>
  <system-out/>
  <testcase name="createTask" time="0.005" classname="basictestngsuit.Actitime_Enabled"/>
  <system-out/>
  <testcase name="logoutClose" classname="basictestngsuit.Actitime_Enabled">
    <skipped/>
  </testcase> <!-- logoutClose -->
  <system-out/>
  <testcase name="login" classname="basictestngsuit.Actitime_Enabled">
    <skipped/>
  </testcase> <!-- login -->
  <system-out/>
</testsuite> <!-- basictestngsuit.Actitime_Enabled -->
