<?xml version="1.0" encoding="UTF-8"?>
<!-- Generated by org.testng.reporters.JUnitReportReporter -->
<testsuite skipped="0" hostname="DESKTOP-TSE6K3A" name="browser.NewTest" tests="1" failures="0" timestamp="2022-10-21T19:30:27 IST" time="0.010" errors="0">
  <testcase name="f" time="0.010" classname="browser.NewTest"/>
  <system-out/>
</testsuite> <!-- browser.NewTest -->
