<?xml version="1.0" encoding="UTF-8"?>
<!-- Generated by org.testng.reporters.JUnitReportReporter -->
<testsuite skipped="0" hostname="DESKTOP-TSE6K3A" name="excelreading.Utils" tests="1" failures="0" timestamp="2022-10-22T15:23:59 IST" time="11.696" errors="0">
  <testcase name="f" time="11.696" classname="excelreading.Utils"/>
  <system-out/>
</testsuite> <!-- excelreading.Utils -->
