<?xml version="1.0" encoding="UTF-8"?>
<!-- Generated by org.testng.reporters.JUnitReportReporter -->
<testsuite skipped="0" hostname="DESKTOP-TSE6K3A" name="excelreading.Data4_celltype" tests="1" failures="0" timestamp="2022-10-22T14:24:36 IST" time="0.742" errors="0">
  <testcase name="GetCellValue" time="0.742" classname="excelreading.Data4_celltype"/>
  <system-out/>
</testsuite> <!-- excelreading.Data4_celltype -->
