<?xml version="1.0" encoding="UTF-8"?>
<!-- Generated by org.testng.reporters.JUnitReportReporter -->
<testsuite skipped="0" hostname="DESKTOP-TSE6K3A" name="jsscript.JavaScript" tests="1" failures="0" timestamp="2022-10-27T19:36:16 IST" time="10.293" errors="0">
  <testcase name="testCase1" time="10.293" classname="jsscript.JavaScript"/>
  <system-out/>
</testsuite> <!-- jsscript.JavaScript -->
